  Pacman.cpp
C:\Program Files (x86)\Microsoft Visual Studio\2019\Community\VC\Tools\MSVC\14.27.29110\include\vector(1749,1): warning C4251: 'std::vector<S2D::Input::Keys,std::allocator<S2D::Input::Keys>>::_Mypair': class 'std::_Compressed_pair<std::allocator<S2D::Input::Keys>,std::_Vector_val<std::_Simple_types<_Ty>>,true>' needs to have dll-interface to be used by clients of class 'std::vector<S2D::Input::Keys,std::allocator<S2D::Input::Keys>>'
          with
          [
              _Ty=S2D::Input::Keys
          ]
C:\Program Files (x86)\Microsoft Visual Studio\2019\Community\VC\Tools\MSVC\14.27.29110\include\vector(1749): message : see declaration of 'std::_Compressed_pair<std::allocator<S2D::Input::Keys>,std::_Vector_val<std::_Simple_types<_Ty>>,true>'
          with
          [
              _Ty=S2D::Input::Keys
          ]
F:\SCHOOL\FOGGS\Pacman\Pacman\S2D\Input.h(108): message : see reference to class template instantiation 'std::vector<S2D::Input::Keys,std::allocator<S2D::Input::Keys>>' being compiled
F:\SCHOOL\FOGGS\Pacman\Pacman\Pacman.cpp(12,12): warning C4244: 'argument': conversion from 'time_t' to 'unsigned int', possible loss of data
F:\SCHOOL\FOGGS\Pacman\Pacman\Pacman.cpp(174,64): warning C4244: 'argument': conversion from 'float' to 'int', possible loss of data
F:\SCHOOL\FOGGS\Pacman\Pacman\Pacman.cpp(174,57): warning C4244: 'argument': conversion from 'float' to 'int', possible loss of data
F:\SCHOOL\FOGGS\Pacman\Pacman\Pacman.cpp(180,56): warning C4244: 'argument': conversion from 'float' to 'int', possible loss of data
F:\SCHOOL\FOGGS\Pacman\Pacman\Pacman.cpp(180,49): warning C4244: 'argument': conversion from 'float' to 'int', possible loss of data
F:\SCHOOL\FOGGS\Pacman\Pacman\Pacman.cpp(203,53): warning C4244: 'argument': conversion from 'float' to 'int', possible loss of data
F:\SCHOOL\FOGGS\Pacman\Pacman\Pacman.cpp(203,46): warning C4244: 'argument': conversion from 'float' to 'int', possible loss of data
F:\SCHOOL\FOGGS\Pacman\Pacman\Pacman.cpp(210,62): warning C4244: 'argument': conversion from 'float' to 'int', possible loss of data
F:\SCHOOL\FOGGS\Pacman\Pacman\Pacman.cpp(210,54): warning C4244: 'argument': conversion from 'float' to 'int', possible loss of data
F:\SCHOOL\FOGGS\Pacman\Pacman\Pacman.cpp(213,58): warning C4244: 'argument': conversion from 'float' to 'int', possible loss of data
F:\SCHOOL\FOGGS\Pacman\Pacman\Pacman.cpp(213,51): warning C4244: 'argument': conversion from 'float' to 'int', possible loss of data
F:\SCHOOL\FOGGS\Pacman\Pacman\Pacman.cpp(226,52): warning C4244: 'argument': conversion from 'float' to 'int', possible loss of data
F:\SCHOOL\FOGGS\Pacman\Pacman\Pacman.cpp(226,45): warning C4244: 'argument': conversion from 'float' to 'int', possible loss of data
F:\SCHOOL\FOGGS\Pacman\Pacman\Pacman.cpp(240,56): warning C4244: 'argument': conversion from 'float' to 'int', possible loss of data
F:\SCHOOL\FOGGS\Pacman\Pacman\Pacman.cpp(240,49): warning C4244: 'argument': conversion from 'float' to 'int', possible loss of data
F:\SCHOOL\FOGGS\Pacman\Pacman\Pacman.cpp(256,57): warning C4244: 'argument': conversion from 'float' to 'int', possible loss of data
F:\SCHOOL\FOGGS\Pacman\Pacman\Pacman.cpp(256,50): warning C4244: 'argument': conversion from 'float' to 'int', possible loss of data
F:\SCHOOL\FOGGS\Pacman\Pacman\Pacman.cpp(278,53): warning C4244: 'argument': conversion from 'float' to 'int', possible loss of data
F:\SCHOOL\FOGGS\Pacman\Pacman\Pacman.cpp(278,45): warning C4244: 'argument': conversion from 'float' to 'int', possible loss of data
F:\SCHOOL\FOGGS\Pacman\Pacman\Pacman.cpp(281,54): warning C4244: 'argument': conversion from 'float' to 'int', possible loss of data
F:\SCHOOL\FOGGS\Pacman\Pacman\Pacman.cpp(281,46): warning C4244: 'argument': conversion from 'float' to 'int', possible loss of data
F:\SCHOOL\FOGGS\Pacman\Pacman\Pacman.cpp(284,57): warning C4244: 'argument': conversion from 'float' to 'int', possible loss of data
F:\SCHOOL\FOGGS\Pacman\Pacman\Pacman.cpp(284,49): warning C4244: 'argument': conversion from 'float' to 'int', possible loss of data
F:\SCHOOL\FOGGS\Pacman\Pacman\Pacman.cpp(287,52): warning C4244: 'argument': conversion from 'float' to 'int', possible loss of data
F:\SCHOOL\FOGGS\Pacman\Pacman\Pacman.cpp(287,44): warning C4244: 'argument': conversion from 'float' to 'int', possible loss of data
F:\SCHOOL\FOGGS\Pacman\Pacman\Pacman.cpp(305,19): warning C4244: 'initializing': conversion from 'double' to 'float', possible loss of data
F:\SCHOOL\FOGGS\Pacman\Pacman\Pacman.cpp(467,78): warning C4244: 'argument': conversion from 'float' to 'int', possible loss of data
F:\SCHOOL\FOGGS\Pacman\Pacman\Pacman.cpp(467,48): warning C4244: 'argument': conversion from 'float' to 'int', possible loss of data
F:\SCHOOL\FOGGS\Pacman\Pacman\Pacman.cpp(500,43): warning C4244: 'argument': conversion from 'float' to 'int', possible loss of data
F:\SCHOOL\FOGGS\Pacman\Pacman\Pacman.cpp(500,21): warning C4244: 'argument': conversion from 'float' to 'int', possible loss of data
F:\SCHOOL\FOGGS\Pacman\Pacman\Pacman.cpp(499,65): warning C4244: 'argument': conversion from 'float' to 'int', possible loss of data
F:\SCHOOL\FOGGS\Pacman\Pacman\Pacman.cpp(499,41): warning C4244: 'argument': conversion from 'float' to 'int', possible loss of data
F:\SCHOOL\FOGGS\Pacman\Pacman\Pacman.cpp(522,55): warning C4244: '+=': conversion from 'double' to 'int', possible loss of data
F:\SCHOOL\FOGGS\Pacman\Pacman\Pacman.cpp(549,43): warning C4244: 'argument': conversion from 'float' to 'int', possible loss of data
F:\SCHOOL\FOGGS\Pacman\Pacman\Pacman.cpp(549,21): warning C4244: 'argument': conversion from 'float' to 'int', possible loss of data
F:\SCHOOL\FOGGS\Pacman\Pacman\Pacman.cpp(548,69): warning C4244: 'argument': conversion from 'float' to 'int', possible loss of data
F:\SCHOOL\FOGGS\Pacman\Pacman\Pacman.cpp(548,43): warning C4244: 'argument': conversion from 'float' to 'int', possible loss of data
F:\SCHOOL\FOGGS\Pacman\Pacman\Pacman.cpp(554,53): warning C4244: '+=': conversion from 'double' to 'int', possible loss of data
F:\SCHOOL\FOGGS\Pacman\Pacman\Pacman.cpp(566,38): warning C4244: '=': conversion from 'int' to 'float', possible loss of data
F:\SCHOOL\FOGGS\Pacman\Pacman\Pacman.cpp(589,43): warning C4244: 'argument': conversion from 'float' to 'int', possible loss of data
F:\SCHOOL\FOGGS\Pacman\Pacman\Pacman.cpp(589,21): warning C4244: 'argument': conversion from 'float' to 'int', possible loss of data
F:\SCHOOL\FOGGS\Pacman\Pacman\Pacman.cpp(588,71): warning C4244: 'argument': conversion from 'float' to 'int', possible loss of data
F:\SCHOOL\FOGGS\Pacman\Pacman\Pacman.cpp(588,44): warning C4244: 'argument': conversion from 'float' to 'int', possible loss of data
F:\SCHOOL\FOGGS\Pacman\Pacman\Pacman.cpp(605,43): warning C4244: 'argument': conversion from 'float' to 'int', possible loss of data
F:\SCHOOL\FOGGS\Pacman\Pacman\Pacman.cpp(605,21): warning C4244: 'argument': conversion from 'float' to 'int', possible loss of data
F:\SCHOOL\FOGGS\Pacman\Pacman\Pacman.cpp(604,67): warning C4244: 'argument': conversion from 'float' to 'int', possible loss of data
F:\SCHOOL\FOGGS\Pacman\Pacman\Pacman.cpp(604,42): warning C4244: 'argument': conversion from 'float' to 'int', possible loss of data
F:\SCHOOL\FOGGS\Pacman\Pacman\Pacman.cpp(690,32): warning C4244: '=': conversion from 'int' to 'float', possible loss of data
F:\SCHOOL\FOGGS\Pacman\Pacman\Pacman.cpp(700,63): warning C4244: '=': conversion from 'int' to 'float', possible loss of data
F:\SCHOOL\FOGGS\Pacman\Pacman\Pacman.cpp(712,56): warning C4244: '=': conversion from 'int' to 'float', possible loss of data
F:\SCHOOL\FOGGS\Pacman\Pacman\Pacman.cpp(718,56): warning C4244: '=': conversion from 'int' to 'float', possible loss of data
F:\SCHOOL\FOGGS\Pacman\Pacman\Pacman.cpp(725,56): warning C4244: '=': conversion from 'int' to 'float', possible loss of data
F:\SCHOOL\FOGGS\Pacman\Pacman\Pacman.cpp(731,56): warning C4244: '=': conversion from 'int' to 'float', possible loss of data
F:\SCHOOL\FOGGS\Pacman\Pacman\Pacman.cpp(818,55): warning C4244: '=': conversion from 'int' to 'float', possible loss of data
F:\SCHOOL\FOGGS\Pacman\Pacman\Pacman.cpp(819,55): warning C4244: '=': conversion from 'int' to 'float', possible loss of data
F:\SCHOOL\FOGGS\Pacman\Pacman\Pacman.cpp(827,55): warning C4244: '=': conversion from 'int' to 'float', possible loss of data
F:\SCHOOL\FOGGS\Pacman\Pacman\Pacman.cpp(835,55): warning C4244: '=': conversion from 'int' to 'float', possible loss of data
F:\SCHOOL\FOGGS\Pacman\Pacman\Pacman.cpp(843,55): warning C4244: '=': conversion from 'int' to 'float', possible loss of data
F:\SCHOOL\FOGGS\Pacman\Pacman\Pacman.cpp(844,55): warning C4244: '=': conversion from 'int' to 'float', possible loss of data
F:\SCHOOL\FOGGS\Pacman\Pacman\Pacman.cpp(852,55): warning C4244: '=': conversion from 'int' to 'float', possible loss of data
F:\SCHOOL\FOGGS\Pacman\Pacman\Pacman.cpp(859,56): warning C4244: '=': conversion from 'int' to 'float', possible loss of data
  Pacman.vcxproj -> F:\SCHOOL\FOGGS\Pacman\Debug\Pacman.exe
